生成启动时间为 2016/6/3 星期五 18:40:28。
     1>项目“Z:\final\final\final\final.vcxproj”在节点 2 上(Build 个目标)。
     1>ClCompile:
         G:\Program Files (x86)\Microsoft Visual Studio 11.0\VC\bin\CL.exe /c /ZI /nologo /W3 /WX- /Od /Oy- /D _MBCS /Gm /EHsc /RTC1 /MDd /GS /fp:precise /Zc:wchar_t /Zc:forScope /Fo"Debug\\" /Fd"Debug\vc110.pdb" /Gd /TC /analyze- /errorReport:prompt bio.c bootmain.c cat.c console.c echo.c exec.c file.c fs.c grep.c ide.c init.c ioapic.c kalloc.c kbd.c kill.c lapic.c ln.c log.c ls.c main.c memide.c mkdir.c mkfs.c mp.c picirq.c pipe.c printf.c proc.c rm.c sh.c shutdown.c spinlock.c stressfs.c string.c syscall.c sysfile.c sysproc.c test.c timer.c trap.c uart.c ulib.c umalloc.c usertests.c vm.c wc.c zombie.c
         zombie.c
     1>z:\final\final\final\user.h(6): error C2061: 语法错误: 标识符“__attribute__”
     1>z:\final\final\final\user.h(6): error C2059: 语法错误:“;”
     1>z:\final\final\final\zombie.c(13): warning C4013: “exit”未定义；假设外部返回 int
         wc.c
     1>z:\final\final\final\user.h(6): error C2061: 语法错误: 标识符“__attribute__”
     1>z:\final\final\final\user.h(6): error C2059: 语法错误:“;”
     1>z:\final\final\final\wc.c(30): warning C4013: “exit”未定义；假设外部返回 int
         vm.c
     1>z:\final\final\final\defs.h(22): error C2061: 语法错误: 标识符“__attribute__”
     1>z:\final\final\final\defs.h(22): error C2059: 语法错误:“;”
     1>z:\final\final\final\defs.h(22): error C2182: “noreturn”: 非法使用“void”类型
     1>z:\final\final\final\defs.h(114): error C2061: 语法错误: 标识符“__attribute__”
     1>z:\final\final\final\defs.h(114): error C2059: 语法错误:“;”
     1>z:\final\final\final\defs.h(114): error C2182: “noreturn”: 非法使用“void”类型
     1>z:\final\final\final\x86.h(4): error C2054: 在“inline”之后应输入“(”
     1>z:\final\final\final\x86.h(5): error C2085: “inb”: 不在形参表中
     1>z:\final\final\final\x86.h(5): error C2143: 语法错误 : 缺少“;”(在“{”的前面)
     1>z:\final\final\final\x86.h(13): error C2054: 在“inline”之后应输入“(”
     1>z:\final\final\final\x86.h(14): error C2085: “insl”: 不在形参表中
     1>z:\final\final\final\x86.h(14): error C2143: 语法错误 : 缺少“;”(在“{”的前面)
     1>z:\final\final\final\x86.h(22): error C2054: 在“inline”之后应输入“(”
     1>z:\final\final\final\x86.h(23): error C2085: “outb”: 不在形参表中
     1>z:\final\final\final\x86.h(23): error C2143: 语法错误 : 缺少“;”(在“{”的前面)
     1>z:\final\final\final\x86.h(28): error C2054: 在“inline”之后应输入“(”
     1>z:\final\final\final\x86.h(29): error C2085: “outw”: 不在形参表中
     1>z:\final\final\final\x86.h(29): error C2143: 语法错误 : 缺少“;”(在“{”的前面)
     1>z:\final\final\final\x86.h(34): error C2054: 在“inline”之后应输入“(”
     1>z:\final\final\final\x86.h(35): error C2085: “outsl”: 不在形参表中
     1>z:\final\final\final\x86.h(35): error C2143: 语法错误 : 缺少“;”(在“{”的前面)
     1>z:\final\final\final\x86.h(43): error C2054: 在“inline”之后应输入“(”
     1>z:\final\final\final\x86.h(44): error C2085: “stosb”: 不在形参表中
     1>z:\final\final\final\x86.h(44): error C2143: 语法错误 : 缺少“;”(在“{”的前面)
     1>z:\final\final\final\x86.h(52): error C2054: 在“inline”之后应输入“(”
     1>z:\final\final\final\x86.h(53): error C2085: “stosl”: 不在形参表中
     1>z:\final\final\final\x86.h(53): error C2143: 语法错误 : 缺少“;”(在“{”的前面)
     1>z:\final\final\final\x86.h(63): error C2054: 在“inline”之后应输入“(”
     1>z:\final\final\final\x86.h(64): error C2085: “lgdt”: 不在形参表中
     1>z:\final\final\final\x86.h(64): error C2143: 语法错误 : 缺少“;”(在“{”的前面)
     1>z:\final\final\final\x86.h(77): error C2054: 在“inline”之后应输入“(”
     1>z:\final\final\final\x86.h(78): error C2085: “lidt”: 不在形参表中
     1>z:\final\final\final\x86.h(78): error C2143: 语法错误 : 缺少“;”(在“{”的前面)
     1>z:\final\final\final\x86.h(89): error C2054: 在“inline”之后应输入“(”
     1>z:\final\final\final\x86.h(90): error C2085: “ltr”: 不在形参表中
     1>z:\final\final\final\x86.h(90): error C2143: 语法错误 : 缺少“;”(在“{”的前面)
     1>z:\final\final\final\x86.h(95): error C2054: 在“inline”之后应输入“(”
     1>z:\final\final\final\x86.h(96): error C2085: “readeflags”: 不在形参表中
     1>z:\final\final\final\x86.h(96): error C2143: 语法错误 : 缺少“;”(在“{”的前面)
     1>z:\final\final\final\x86.h(103): error C2054: 在“inline”之后应输入“(”
     1>z:\final\final\final\x86.h(104): error C2085: “loadgs”: 不在形参表中
     1>z:\final\final\final\x86.h(104): error C2143: 语法错误 : 缺少“;”(在“{”的前面)
     1>z:\final\final\final\x86.h(109): error C2054: 在“inline”之后应输入“(”
     1>z:\final\final\final\x86.h(110): error C2085: “cli”: 不在形参表中
     1>z:\final\final\final\x86.h(110): error C2143: 语法错误 : 缺少“;”(在“{”的前面)
     1>z:\final\final\final\x86.h(115): error C2054: 在“inline”之后应输入“(”
     1>z:\final\final\final\x86.h(116): error C2085: “sti”: 不在形参表中
     1>z:\final\final\final\x86.h(116): error C2143: 语法错误 : 缺少“;”(在“{”的前面)
     1>z:\final\final\final\x86.h(121): error C2054: 在“inline”之后应输入“(”
     1>z:\final\final\final\x86.h(122): error C2085: “xchg”: 不在形参表中
     1>z:\final\final\final\x86.h(122): error C2143: 语法错误 : 缺少“;”(在“{”的前面)
     1>z:\final\final\final\x86.h(134): error C2054: 在“inline”之后应输入“(”
     1>z:\final\final\final\x86.h(135): error C2085: “rcr2”: 不在形参表中
     1>z:\final\final\final\x86.h(135): error C2143: 语法错误 : 缺少“;”(在“{”的前面)
     1>z:\final\final\final\x86.h(142): error C2054: 在“inline”之后应输入“(”
     1>z:\final\final\final\x86.h(143): error C2085: “lcr3”: 不在形参表中
     1>z:\final\final\final\x86.h(143): error C2143: 语法错误 : 缺少“;”(在“{”的前面)
     1>z:\final\final\final\memlayout.h(13): error C2054: 在“inline”之后应输入“(”
     1>z:\final\final\final\memlayout.h(13): error C2085: “v2p”: 不在形参表中
     1>z:\final\final\final\memlayout.h(13): error C2143: 语法错误 : 缺少“;”(在“{”的前面)
     1>z:\final\final\final\memlayout.h(14): error C2054: 在“inline”之后应输入“(”
     1>z:\final\final\final\memlayout.h(14): error C2085: “p2v”: 不在形参表中
     1>z:\final\final\final\memlayout.h(14): error C2143: 语法错误 : 缺少“;”(在“{”的前面)
     1>z:\final\final\final\proc.h(30): error C2061: 语法错误: 标识符“asm”
     1>z:\final\final\final\proc.h(30): error C2059: 语法错误:“;”
     1>z:\final\final\final\proc.h(30): error C2059: 语法错误:“字符串”
     1>z:\final\final\final\proc.h(31): error C2061: 语法错误: 标识符“asm”
     1>z:\final\final\final\proc.h(31): error C2059: 语法错误:“;”
     1>z:\final\final\final\proc.h(31): error C2059: 语法错误:“字符串”
     1>z:\final\final\final\vm.c(26): error C2059: 语法错误:“{”
     1>z:\final\final\final\vm.c(27): error C2059: 语法错误:“{”
     1>z:\final\final\final\vm.c(28): error C2059: 语法错误:“{”
     1>z:\final\final\final\vm.c(29): error C2059: 语法错误:“{”
     1>z:\final\final\final\vm.c(32): error C2059: 语法错误:“{”
     1>z:\final\final\final\vm.c(34): warning C4013: “lgdt”未定义；假设外部返回 int
     1>z:\final\final\final\vm.c(35): warning C4013: “loadgs”未定义；假设外部返回 int
     1>z:\final\final\final\vm.c(38): error C2065: “cpu”: 未声明的标识符
     1>z:\final\final\final\vm.c(38): warning C4047: “=”:“int”与“cpu *”的间接级别不同
     1>z:\final\final\final\vm.c(39): error C2065: “proc”: 未声明的标识符
     1>z:\final\final\final\vm.c(45): error C2143: 语法错误 : 缺少“{”(在“*”的前面)
     1>z:\final\final\final\vm.c(53): warning C4013: “p2v”未定义；假设外部返回 int
     1>z:\final\final\final\vm.c(62): warning C4013: “v2p”未定义；假设外部返回 int
     1>z:\final\final\final\vm.c(82): warning C4013: “panic”未定义；假设外部返回 int
     1>z:\final\final\final\vm.c(137): warning C4047: “>”:“int”与“void *”的间接级别不同
     1>z:\final\final\final\vm.c(160): warning C4013: “lcr3”未定义；假设外部返回 int
     1>z:\final\final\final\vm.c(168): error C2065: “cpu”: 未声明的标识符
     1>z:\final\final\final\vm.c(168): error C2223: “->gdt”的左侧必须指向结构/联合
     1>z:\final\final\final\vm.c(168): error C2059: 语法错误:“{”
     1>z:\final\final\final\vm.c(169): error C2065: “cpu”: 未声明的标识符
     1>z:\final\final\final\vm.c(169): error C2223: “->gdt”的左侧必须指向结构/联合
     1>z:\final\final\final\vm.c(170): error C2065: “cpu”: 未声明的标识符
     1>z:\final\final\final\vm.c(170): error C2223: “->ts”的左侧必须指向结构/联合
     1>z:\final\final\final\vm.c(171): error C2065: “cpu”: 未声明的标识符
     1>z:\final\final\final\vm.c(171): error C2223: “->ts”的左侧必须指向结构/联合
     1>z:\final\final\final\vm.c(171): error C2065: “proc”: 未声明的标识符
     1>z:\final\final\final\vm.c(171): error C2223: “->kstack”的左侧必须指向结构/联合
     1>z:\final\final\final\vm.c(172): warning C4013: “ltr”未定义；假设外部返回 int
     1>z:\final\final\final\vm.c(212): warning C4047: “函数”:“char *”与“int”的间接级别不同
     1>z:\final\final\final\vm.c(212): warning C4024: “readi”: 形参和实参 2 的类型不同
     1>z:\final\final\final\vm.c(267): error C2143: 语法错误 : 缺少“;”(在“类型”的前面)
     1>z:\final\final\final\vm.c(268): error C2065: “v”: 未声明的标识符
     1>z:\final\final\final\vm.c(268): warning C4047: “函数”:“char *”与“int”的间接级别不同
     1>z:\final\final\final\vm.c(268): warning C4024: “kfree”: 形参和实参 1 的类型不同
     1>z:\final\final\final\vm.c(287): warning C4047: “初始化”:“char *”与“int”的间接级别不同
         usertests.c
     1>z:\final\final\final\user.h(6): error C2061: 语法错误: 标识符“__attribute__”
     1>z:\final\final\final\user.h(6): error C2059: 语法错误:“;”
     1>z:\final\final\final\memlayout.h(13): error C2054: 在“inline”之后应输入“(”
     1>z:\final\final\final\memlayout.h(13): error C2085: “v2p”: 不在形参表中
     1>z:\final\final\final\memlayout.h(13): error C2143: 语法错误 : 缺少“;”(在“{”的前面)
     1>z:\final\final\final\memlayout.h(14): error C2054: 在“inline”之后应输入“(”
     1>z:\final\final\final\memlayout.h(14): error C2085: “p2v”: 不在形参表中
     1>z:\final\final\final\memlayout.h(14): error C2143: 语法错误 : 缺少“;”(在“{”的前面)
     1>z:\final\final\final\usertests.c(24): warning C4013: “exit”未定义；假设外部返回 int
     1>z:\final\final\final\usertests.c(871): error C2143: 语法错误 : 缺少“;”(在“类型”的前面)
     1>z:\final\final\final\usertests.c(873): error C2065: “x”: 未声明的标识符
     1>z:\final\final\final\usertests.c(874): error C2065: “x”: 未声明的标识符
     1>z:\final\final\final\usertests.c(876): error C2065: “x”: 未声明的标识符
     1>z:\final\final\final\usertests.c(1132): error C2143: 语法错误 : 缺少“;”(在“类型”的前面)
     1>z:\final\final\final\usertests.c(1133): error C2065: “i”: 未声明的标识符
     1>z:\final\final\final\usertests.c(1426): error C2143: 语法错误 : 缺少“;”(在“类型”的前面)
     1>z:\final\final\final\usertests.c(1427): error C2065: “i”: 未声明的标识符
     1>z:\final\final\final\usertests.c(1430): error C2065: “i”: 未声明的标识符
     1>z:\final\final\final\usertests.c(1518): error C2065: “i”: 未声明的标识符
     1>z:\final\final\final\usertests.c(1519): error C2065: “i”: 未声明的标识符
     1>z:\final\final\final\usertests.c(1526): error C2065: “i”: 未声明的标识符
     1>z:\final\final\final\usertests.c(1532): error C2065: “i”: 未声明的标识符
     1>z:\final\final\final\usertests.c(1533): error C2065: “i”: 未声明的标识符
     1>z:\final\final\final\usertests.c(1535): error C2065: “i”: 未声明的标识符
     1>z:\final\final\final\usertests.c(1553): warning C4013: “asm”未定义；假设外部返回 int
     1>z:\final\final\final\usertests.c(1556): error C2143: 语法错误 : 缺少“)”(在“:”的前面)
     1>z:\final\final\final\usertests.c(1664): error C2143: 语法错误 : 缺少“;”(在“类型”的前面)
     1>z:\final\final\final\usertests.c(1665): error C2065: “fd”: 未声明的标识符
     1>z:\final\final\final\usertests.c(1669): error C2143: 语法错误 : 缺少“;”(在“类型”的前面)
     1>z:\final\final\final\usertests.c(1671): error C2065: “fd”: 未声明的标识符
     1>z:\final\final\final\usertests.c(1674): error C2065: “total”: 未声明的标识符
     1>z:\final\final\final\usertests.c(1677): error C2065: “total”: 未声明的标识符
     1>z:\final\final\final\usertests.c(1678): error C2065: “fd”: 未声明的标识符
     1>z:\final\final\final\usertests.c(1679): error C2065: “total”: 未声明的标识符
         umalloc.c
     1>z:\final\final\final\user.h(6): error C2061: 语法错误: 标识符“__attribute__”
     1>z:\final\final\final\user.h(6): error C2059: 语法错误:“;”
         ulib.c
     1>z:\final\final\final\user.h(6): error C2061: 语法错误: 标识符“__attribute__”
     1>z:\final\final\final\user.h(6): error C2059: 语法错误:“;”
     1>z:\final\final\final\x86.h(4): error C2054: 在“inline”之后应输入“(”
     1>z:\final\final\final\x86.h(5): error C2085: “inb”: 不在形参表中
     1>z:\final\final\final\x86.h(5): error C2143: 语法错误 : 缺少“;”(在“{”的前面)
     1>z:\final\final\final\x86.h(13): error C2054: 在“inline”之后应输入“(”
     1>z:\final\final\final\x86.h(14): error C2085: “insl”: 不在形参表中
     1>z:\final\final\final\x86.h(14): error C2143: 语法错误 : 缺少“;”(在“{”的前面)
     1>z:\final\final\final\x86.h(22): error C2054: 在“inline”之后应输入“(”
     1>z:\final\final\final\x86.h(23): error C2085: “outb”: 不在形参表中
     1>z:\final\final\final\x86.h(23): error C2143: 语法错误 : 缺少“;”(在“{”的前面)
     1>z:\final\final\final\x86.h(28): error C2054: 在“inline”之后应输入“(”
     1>z:\final\final\final\x86.h(29): error C2085: “outw”: 不在形参表中
     1>z:\final\final\final\x86.h(29): error C2143: 语法错误 : 缺少“;”(在“{”的前面)
     1>z:\final\final\final\x86.h(34): error C2054: 在“inline”之后应输入“(”
     1>z:\final\final\final\x86.h(35): error C2085: “outsl”: 不在形参表中
     1>z:\final\final\final\x86.h(35): error C2143: 语法错误 : 缺少“;”(在“{”的前面)
     1>z:\final\final\final\x86.h(43): error C2054: 在“inline”之后应输入“(”
     1>z:\final\final\final\x86.h(44): error C2085: “stosb”: 不在形参表中
     1>z:\final\final\final\x86.h(44): error C2143: 语法错误 : 缺少“;”(在“{”的前面)
     1>z:\final\final\final\x86.h(52): error C2054: 在“inline”之后应输入“(”
     1>z:\final\final\final\x86.h(53): error C2085: “stosl”: 不在形参表中
     1>z:\final\final\final\x86.h(53): error C2143: 语法错误 : 缺少“;”(在“{”的前面)
     1>z:\final\final\final\x86.h(63): error C2054: 在“inline”之后应输入“(”
     1>z:\final\final\final\x86.h(64): error C2085: “lgdt”: 不在形参表中
     1>z:\final\final\final\x86.h(64): error C2143: 语法错误 : 缺少“;”(在“{”的前面)
     1>z:\final\final\final\x86.h(77): error C2054: 在“inline”之后应输入“(”
     1>z:\final\final\final\x86.h(78): error C2085: “lidt”: 不在形参表中
     1>z:\final\final\final\x86.h(78): error C2143: 语法错误 : 缺少“;”(在“{”的前面)
     1>z:\final\final\final\x86.h(89): error C2054: 在“inline”之后应输入“(”
     1>z:\final\final\final\x86.h(90): error C2085: “ltr”: 不在形参表中
     1>z:\final\final\final\x86.h(90): error C2143: 语法错误 : 缺少“;”(在“{”的前面)
     1>z:\final\final\final\x86.h(95): error C2054: 在“inline”之后应输入“(”
     1>z:\final\final\final\x86.h(96): error C2085: “readeflags”: 不在形参表中
     1>z:\final\final\final\x86.h(96): error C2143: 语法错误 : 缺少“;”(在“{”的前面)
     1>z:\final\final\final\x86.h(103): error C2054: 在“inline”之后应输入“(”
     1>z:\final\final\final\x86.h(104): error C2085: “loadgs”: 不在形参表中
     1>z:\final\final\final\x86.h(104): error C2143: 语法错误 : 缺少“;”(在“{”的前面)
     1>z:\final\final\final\x86.h(109): error C2054: 在“inline”之后应输入“(”
     1>z:\final\final\final\x86.h(110): error C2085: “cli”: 不在形参表中
     1>z:\final\final\final\x86.h(110): error C2143: 语法错误 : 缺少“;”(在“{”的前面)
     1>z:\final\final\final\x86.h(115): error C2054: 在“inline”之后应输入“(”
     1>z:\final\final\final\x86.h(116): error C2085: “sti”: 不在形参表中
     1>z:\final\final\final\x86.h(116): error C2143: 语法错误 : 缺少“;”(在“{”的前面)
     1>z:\final\final\final\x86.h(121): error C2054: 在“inline”之后应输入“(”
     1>z:\final\final\final\x86.h(122): error C2085: “xchg”: 不在形参表中
     1>z:\final\final\final\x86.h(122): error C2143: 语法错误 : 缺少“;”(在“{”的前面)
     1>z:\final\final\final\x86.h(134): error C2054: 在“inline”之后应输入“(”
     1>z:\final\final\final\x86.h(135): error C2085: “rcr2”: 不在形参表中
     1>z:\final\final\final\x86.h(135): error C2143: 语法错误 : 缺少“;”(在“{”的前面)
     1>z:\final\final\final\x86.h(142): error C2054: 在“inline”之后应输入“(”
     1>z:\final\final\final\x86.h(143): error C2085: “lcr3”: 不在形参表中
     1>z:\final\final\final\x86.h(143): error C2143: 语法错误 : 缺少“;”(在“{”的前面)
     1>z:\final\final\final\ulib.c(39): warning C4013: “stosb”未定义；假设外部返回 int
         uart.c
     1>z:\final\final\final\defs.h(22): error C2061: 语法错误: 标识符“__attribute__”
     1>z:\final\final\final\defs.h(22): error C2059: 语法错误:“;”
     1>z:\final\final\final\defs.h(22): error C2182: “noreturn”: 非法使用“void”类型
     1>z:\final\final\final\defs.h(114): error C2061: 语法错误: 标识符“__attribute__”
     1>z:\final\final\final\defs.h(114): error C2059: 语法错误:“;”
     1>z:\final\final\final\defs.h(114): error C2182: “noreturn”: 非法使用“void”类型
     1>z:\final\final\final\proc.h(30): error C2061: 语法错误: 标识符“asm”
     1>z:\final\final\final\proc.h(30): error C2059: 语法错误:“;”
     1>z:\final\final\final\proc.h(30): error C2059: 语法错误:“字符串”
     1>z:\final\final\final\proc.h(31): error C2061: 语法错误: 标识符“asm”
     1>z:\final\final\final\proc.h(31): error C2059: 语法错误:“;”
     1>z:\final\final\final\proc.h(31): error C2059: 语法错误:“字符串”
     1>z:\final\final\final\x86.h(4): error C2054: 在“inline”之后应输入“(”
     1>z:\final\final\final\x86.h(5): error C2085: “inb”: 不在形参表中
     1>z:\final\final\final\x86.h(5): error C2143: 语法错误 : 缺少“;”(在“{”的前面)
     1>z:\final\final\final\x86.h(13): error C2054: 在“inline”之后应输入“(”
     1>z:\final\final\final\x86.h(14): error C2085: “insl”: 不在形参表中
     1>z:\final\final\final\x86.h(14): error C2143: 语法错误 : 缺少“;”(在“{”的前面)
     1>z:\final\final\final\x86.h(22): error C2054: 在“inline”之后应输入“(”
     1>z:\final\final\final\x86.h(23): error C2085: “outb”: 不在形参表中
     1>z:\final\final\final\x86.h(23): error C2143: 语法错误 : 缺少“;”(在“{”的前面)
     1>z:\final\final\final\x86.h(28): error C2054: 在“inline”之后应输入“(”
     1>z:\final\final\final\x86.h(29): error C2085: “outw”: 不在形参表中
     1>z:\final\final\final\x86.h(29): error C2143: 语法错误 : 缺少“;”(在“{”的前面)
     1>z:\final\final\final\x86.h(34): error C2054: 在“inline”之后应输入“(”
     1>z:\final\final\final\x86.h(35): error C2085: “outsl”: 不在形参表中
     1>z:\final\final\final\x86.h(35): error C2143: 语法错误 : 缺少“;”(在“{”的前面)
     1>z:\final\final\final\x86.h(43): error C2054: 在“inline”之后应输入“(”
     1>z:\final\final\final\x86.h(44): error C2085: “stosb”: 不在形参表中
     1>z:\final\final\final\x86.h(44): error C2143: 语法错误 : 缺少“;”(在“{”的前面)
     1>z:\final\final\final\x86.h(52): error C2054: 在“inline”之后应输入“(”
     1>z:\final\final\final\x86.h(53): error C2085: “stosl”: 不在形参表中
     1>z:\final\final\final\x86.h(53): error C2143: 语法错误 : 缺少“;”(在“{”的前面)
     1>z:\final\final\final\x86.h(63): error C2054: 在“inline”之后应输入“(”
     1>z:\final\final\final\x86.h(64): error C2085: “lgdt”: 不在形参表中
     1>z:\final\final\final\x86.h(64): error C2143: 语法错误 : 缺少“;”(在“{”的前面)
     1>z:\final\final\final\x86.h(77): error C2054: 在“inline”之后应输入“(”
     1>z:\final\final\final\x86.h(78): error C2085: “lidt”: 不在形参表中
     1>z:\final\final\final\x86.h(78): error C2143: 语法错误 : 缺少“;”(在“{”的前面)
     1>z:\final\final\final\x86.h(89): error C2054: 在“inline”之后应输入“(”
     1>z:\final\final\final\x86.h(90): error C2085: “ltr”: 不在形参表中
     1>z:\final\final\final\x86.h(90): error C2143: 语法错误 : 缺少“;”(在“{”的前面)
     1>z:\final\final\final\x86.h(95): error C2054: 在“inline”之后应输入“(”
     1>z:\final\final\final\x86.h(96): error C2085: “readeflags”: 不在形参表中
     1>z:\final\final\final\x86.h(96): error C2143: 语法错误 : 缺少“;”(在“{”的前面)
     1>z:\final\final\final\x86.h(103): error C2054: 在“inline”之后应输入“(”
     1>z:\final\final\final\x86.h(104): error C2085: “loadgs”: 不在形参表中
     1>z:\final\final\final\x86.h(104): error C2143: 语法错误 : 缺少“;”(在“{”的前面)
     1>z:\final\final\final\x86.h(109): error C2054: 在“inline”之后应输入“(”
     1>z:\final\final\final\x86.h(110): error C2085: “cli”: 不在形参表中
     1>z:\final\final\final\x86.h(110): error C2143: 语法错误 : 缺少“;”(在“{”的前面)
     1>z:\final\final\final\x86.h(115): error C2054: 在“inline”之后应输入“(”
     1>z:\final\final\final\x86.h(116): error C2085: “sti”: 不在形参表中
     1>z:\final\final\final\x86.h(116): error C2143: 语法错误 : 缺少“;”(在“{”的前面)
     1>z:\final\final\final\x86.h(121): error C2054: 在“inline”之后应输入“(”
     1>z:\final\final\final\x86.h(122): error C2085: “xchg”: 不在形参表中
     1>z:\final\final\final\x86.h(122): error C2143: 语法错误 : 缺少“;”(在“{”的前面)
     1>z:\final\final\final\x86.h(134): error C2054: 在“inline”之后应输入“(”
     1>z:\final\final\final\x86.h(135): error C2085: “rcr2”: 不在形参表中
     1>z:\final\final\final\x86.h(135): error C2143: 语法错误 : 缺少“;”(在“{”的前面)
     1>z:\final\final\final\x86.h(142): error C2054: 在“inline”之后应输入“(”
     1>z:\final\final\final\x86.h(143): error C2085: “lcr3”: 不在形参表中
     1>z:\final\final\final\x86.h(143): error C2143: 语法错误 : 缺少“;”(在“{”的前面)
     1>z:\final\final\final\uart.c(24): warning C4013: “outb”未定义；假设外部返回 int
     1>z:\final\final\final\uart.c(35): warning C4013: “inb”未定义；假设外部返回 int
         trap.c
     1>z:\final\final\final\defs.h(22): error C2061: 语法错误: 标识符“__attribute__”
     1>z:\final\final\final\defs.h(22): error C2059: 语法错误:“;”
     1>z:\final\final\final\defs.h(22): error C2182: “noreturn”: 非法使用“void”类型
     1>z:\final\final\final\defs.h(114): error C2061: 语法错误: 标识符“__attribute__”
     1>z:\final\final\final\defs.h(114): error C2059: 语法错误:“;”
     1>z:\final\final\final\defs.h(114): error C2182: “noreturn”: 非法使用“void”类型
     1>z:\final\final\final\memlayout.h(13): error C2054: 在“inline”之后应输入“(”
     1>z:\final\final\final\memlayout.h(13): error C2085: “v2p”: 不在形参表中
     1>z:\final\final\final\memlayout.h(13): error C2143: 语法错误 : 缺少“;”(在“{”的前面)
     1>z:\final\final\final\memlayout.h(14): error C2054: 在“inline”之后应输入“(”
     1>z:\final\final\final\memlayout.h(14): error C2085: “p2v”: 不在形参表中
     1>z:\final\final\final\memlayout.h(14): error C2143: 语法错误 : 缺少“;”(在“{”的前面)
     1>z:\final\final\final\proc.h(30): error C2061: 语法错误: 标识符“asm”
     1>z:\final\final\final\proc.h(30): error C2059: 语法错误:“;”
     1>z:\final\final\final\proc.h(30): error C2059: 语法错误:“字符串”
     1>z:\final\final\final\proc.h(31): error C2061: 语法错误: 标识符“asm”
     1>z:\final\final\final\proc.h(31): error C2059: 语法错误:“;”
     1>z:\final\final\final\proc.h(31): error C2059: 语法错误:“字符串”
     1>z:\final\final\final\x86.h(4): error C2054: 在“inline”之后应输入“(”
     1>z:\final\final\final\x86.h(5): error C2085: “inb”: 不在形参表中
     1>z:\final\final\final\x86.h(5): error C2143: 语法错误 : 缺少“;”(在“{”的前面)
     1>z:\final\final\final\x86.h(13): error C2054: 在“inline”之后应输入“(”
     1>z:\final\final\final\x86.h(14): error C2085: “insl”: 不在形参表中
     1>z:\final\final\final\x86.h(14): error C2143: 语法错误 : 缺少“;”(在“{”的前面)
     1>z:\final\final\final\x86.h(22): error C2054: 在“inline”之后应输入“(”
     1>z:\final\final\final\x86.h(23): error C2085: “outb”: 不在形参表中
     1>z:\final\final\final\x86.h(23): error C2143: 语法错误 : 缺少“;”(在“{”的前面)
     1>z:\final\final\final\x86.h(28): error C2054: 在“inline”之后应输入“(”
     1>z:\final\final\final\x86.h(29): error C2085: “outw”: 不在形参表中
     1>z:\final\final\final\x86.h(29): error C2143: 语法错误 : 缺少“;”(在“{”的前面)
     1>z:\final\final\final\x86.h(34): error C2054: 在“inline”之后应输入“(”
     1>z:\final\final\final\x86.h(35): error C2085: “outsl”: 不在形参表中
     1>z:\final\final\final\x86.h(35): error C2143: 语法错误 : 缺少“;”(在“{”的前面)
     1>z:\final\final\final\x86.h(43): error C2054: 在“inline”之后应输入“(”
     1>z:\final\final\final\x86.h(44): error C2085: “stosb”: 不在形参表中
     1>z:\final\final\final\x86.h(44): error C2143: 语法错误 : 缺少“;”(在“{”的前面)
     1>z:\final\final\final\x86.h(52): error C2054: 在“inline”之后应输入“(”
     1>z:\final\final\final\x86.h(53): error C2085: “stosl”: 不在形参表中
     1>z:\final\final\final\x86.h(53): error C2143: 语法错误 : 缺少“;”(在“{”的前面)
     1>z:\final\final\final\x86.h(63): error C2054: 在“inline”之后应输入“(”
     1>z:\final\final\final\x86.h(64): error C2085: “lgdt”: 不在形参表中
     1>z:\final\final\final\x86.h(64): error C2143: 语法错误 : 缺少“;”(在“{”的前面)
     1>z:\final\final\final\x86.h(77): error C2054: 在“inline”之后应输入“(”
     1>z:\final\final\final\x86.h(78): error C2085: “lidt”: 不在形参表中
     1>z:\final\final\final\x86.h(78): error C2143: 语法错误 : 缺少“;”(在“{”的前面)
     1>z:\final\final\final\x86.h(89): error C2054: 在“inline”之后应输入“(”
     1>z:\final\final\final\x86.h(90): error C2085: “ltr”: 不在形参表中
     1>z:\final\final\final\x86.h(90): error C2143: 语法错误 : 缺少“;”(在“{”的前面)
     1>z:\final\final\final\x86.h(95): error C2054: 在“inline”之后应输入“(”
     1>z:\final\final\final\x86.h(96): error C2085: “readeflags”: 不在形参表中
     1>z:\final\final\final\x86.h(96): error C2143: 语法错误 : 缺少“;”(在“{”的前面)
     1>z:\final\final\final\x86.h(103): error C2054: 在“inline”之后应输入“(”
     1>z:\final\final\final\x86.h(104): error C2085: “loadgs”: 不在形参表中
     1>z:\final\final\final\x86.h(104): error C2143: 语法错误 : 缺少“;”(在“{”的前面)
     1>z:\final\final\final\x86.h(109): error C2054: 在“inline”之后应输入“(”
     1>z:\final\final\final\x86.h(110): error C2085: “cli”: 不在形参表中
     1>z:\final\final\final\x86.h(110): error C2143: 语法错误 : 缺少“;”(在“{”的前面)
     1>z:\final\final\final\x86.h(115): error C2054: 在“inline”之后应输入“(”
     1>z:\final\final\final\x86.h(116): error C2085: “sti”: 不在形参表中
     1>z:\final\final\final\x86.h(116): error C2143: 语法错误 : 缺少“;”(在“{”的前面)
     1>z:\final\final\final\x86.h(121): error C2054: 在“inline”之后应输入“(”
     1>z:\final\final\final\x86.h(122): error C2085: “xchg”: 不在形参表中
     1>z:\final\final\final\x86.h(122): error C2143: 语法错误 : 缺少“;”(在“{”的前面)
     1>z:\final\final\final\x86.h(134): error C2054: 在“inline”之后应输入“(”
     1>z:\final\final\final\x86.h(135): error C2085: “rcr2”: 不在形参表中
     1>z:\final\final\final\x86.h(135): error C2143: 语法错误 : 缺少“;”(在“{”的前面)
     1>z:\final\final\final\x86.h(142): error C2054: 在“inline”之后应输入“(”
     1>z:\final\final\final\x86.h(143): error C2085: “lcr3”: 不在形参表中
     1>z:\final\final\final\x86.h(143): error C2143: 语法错误 : 缺少“;”(在“{”的前面)
     1>z:\final\final\final\trap.c(32): warning C4013: “lidt”未定义；假设外部返回 int
     1>z:\final\final\final\trap.c(40): error C2065: “proc”: 未声明的标识符
     1>z:\final\final\final\trap.c(40): error C2223: “->killed”的左侧必须指向结构/联合
     1>z:\final\final\final\trap.c(42): error C2065: “proc”: 未声明的标识符
     1>z:\final\final\final\trap.c(42): error C2223: “->tf”的左侧必须指向结构/联合
     1>z:\final\final\final\trap.c(44): error C2065: “proc”: 未声明的标识符
     1>z:\final\final\final\trap.c(44): error C2223: “->killed”的左侧必须指向结构/联合
     1>z:\final\final\final\trap.c(51): error C2065: “cpu”: 未声明的标识符
     1>z:\final\final\final\trap.c(51): error C2223: “->id”的左侧必须指向结构/联合
     1>z:\final\final\final\trap.c(54): error C2065: “proc”: 未声明的标识符
     1>z:\final\final\final\trap.c(86): error C2065: “cpu”: 未声明的标识符
     1>z:\final\final\final\trap.c(86): error C2223: “->id”的左侧必须指向结构/联合
     1>z:\final\final\final\trap.c(92): error C2065: “proc”: 未声明的标识符
     1>z:\final\final\final\trap.c(95): error C2065: “cpu”: 未声明的标识符
     1>z:\final\final\final\trap.c(95): error C2223: “->id”的左侧必须指向结构/联合
     1>z:\final\final\final\trap.c(95): warning C4013: “rcr2”未定义；假设外部返回 int
     1>z:\final\final\final\trap.c(96): warning C4013: “panic”未定义；假设外部返回 int
     1>z:\final\final\final\trap.c(101): error C2065: “proc”: 未声明的标识符
     1>z:\final\final\final\trap.c(101): error C2223: “->pid”的左侧必须指向结构/联合
     1>z:\final\final\final\trap.c(101): error C2223: “->name”的左侧必须指向结构/联合
     1>z:\final\final\final\trap.c(101): error C2065: “cpu”: 未声明的标识符
     1>z:\final\final\final\trap.c(101): error C2223: “->id”的左侧必须指向结构/联合
     1>z:\final\final\final\trap.c(103): error C2065: “proc”: 未声明的标识符
     1>z:\final\final\final\trap.c(103): error C2223: “->killed”的左侧必须指向结构/联合
     1>z:\final\final\final\trap.c(109): error C2065: “proc”: 未声明的标识符
     1>z:\final\final\final\trap.c(109): error C2223: “->killed”的左侧必须指向结构/联合
     1>z:\final\final\final\trap.c(114): error C2065: “proc”: 未声明的标识符
     1>z:\final\final\final\trap.c(114): error C2223: “->state”的左侧必须指向结构/联合
     1>z:\final\final\final\trap.c(118): error C2065: “proc”: 未声明的标识符
     1>z:\final\final\final\trap.c(118): error C2223: “->killed”的左侧必须指向结构/联合
         timer.c
     1>z:\final\final\final\defs.h(22): error C2061: 语法错误: 标识符“__attribute__”
     1>z:\final\final\final\defs.h(22): error C2059: 语法错误:“;”
     1>z:\final\final\final\defs.h(22): error C2182: “noreturn”: 非法使用“void”类型
     1>z:\final\final\final\defs.h(114): error C2061: 语法错误: 标识符“__attribute__”
     1>z:\final\final\final\defs.h(114): error C2059: 语法错误:“;”
     1>z:\final\final\final\defs.h(114): error C2182: “noreturn”: 非法使用“void”类型
     1>z:\final\final\final\x86.h(4): error C2054: 在“inline”之后应输入“(”
     1>z:\final\final\final\x86.h(5): error C2085: “inb”: 不在形参表中
     1>z:\final\final\final\x86.h(5): error C2143: 语法错误 : 缺少“;”(在“{”的前面)
     1>z:\final\final\final\x86.h(13): error C2054: 在“inline”之后应输入“(”
     1>z:\final\final\final\x86.h(14): error C2085: “insl”: 不在形参表中
     1>z:\final\final\final\x86.h(14): error C2143: 语法错误 : 缺少“;”(在“{”的前面)
     1>z:\final\final\final\x86.h(22): error C2054: 在“inline”之后应输入“(”
     1>z:\final\final\final\x86.h(23): error C2085: “outb”: 不在形参表中
     1>z:\final\final\final\x86.h(23): error C2143: 语法错误 : 缺少“;”(在“{”的前面)
     1>z:\final\final\final\x86.h(28): error C2054: 在“inline”之后应输入“(”
     1>z:\final\final\final\x86.h(29): error C2085: “outw”: 不在形参表中
     1>z:\final\final\final\x86.h(29): error C2143: 语法错误 : 缺少“;”(在“{”的前面)
     1>z:\final\final\final\x86.h(34): error C2054: 在“inline”之后应输入“(”
     1>z:\final\final\final\x86.h(35): error C2085: “outsl”: 不在形参表中
     1>z:\final\final\final\x86.h(35): error C2143: 语法错误 : 缺少“;”(在“{”的前面)
     1>z:\final\final\final\x86.h(43): error C2054: 在“inline”之后应输入“(”
     1>z:\final\final\final\x86.h(44): error C2085: “stosb”: 不在形参表中
     1>z:\final\final\final\x86.h(44): error C2143: 语法错误 : 缺少“;”(在“{”的前面)
     1>z:\final\final\final\x86.h(52): error C2054: 在“inline”之后应输入“(”
     1>z:\final\final\final\x86.h(53): error C2085: “stosl”: 不在形参表中
     1>z:\final\final\final\x86.h(53): error C2143: 语法错误 : 缺少“;”(在“{”的前面)
     1>z:\final\final\final\x86.h(63): error C2054: 在“inline”之后应输入“(”
     1>z:\final\final\final\x86.h(64): error C2085: “lgdt”: 不在形参表中
     1>z:\final\final\final\x86.h(64): error C2143: 语法错误 : 缺少“;”(在“{”的前面)
     1>z:\final\final\final\x86.h(77): error C2054: 在“inline”之后应输入“(”
     1>z:\final\final\final\x86.h(78): error C2085: “lidt”: 不在形参表中
     1>z:\final\final\final\x86.h(78): error C2143: 语法错误 : 缺少“;”(在“{”的前面)
     1>z:\final\final\final\x86.h(89): error C2054: 在“inline”之后应输入“(”
     1>z:\final\final\final\x86.h(90): error C2085: “ltr”: 不在形参表中
     1>z:\final\final\final\x86.h(90): error C2143: 语法错误 : 缺少“;”(在“{”的前面)
     1>z:\final\final\final\x86.h(95): error C2054: 在“inline”之后应输入“(”
     1>z:\final\final\final\x86.h(96): error C2085: “readeflags”: 不在形参表中
     1>z:\final\final\final\x86.h(96): error C2143: 语法错误 : 缺少“;”(在“{”的前面)
     1>z:\final\final\final\x86.h(103): error C2054: 在“inline”之后应输入“(”
     1>z:\final\final\final\x86.h(104): error C2085: “loadgs”: 不在形参表中
     1>z:\final\final\final\x86.h(104): error C2143: 语法错误 : 缺少“;”(在“{”的前面)
     1>z:\final\final\final\x86.h(109): error C2054: 在“inline”之后应输入“(”
     1>z:\final\final\final\x86.h(110): error C2085: “cli”: 不在形参表中
     1>z:\final\final\final\x86.h(110): error C2143: 语法错误 : 缺少“;”(在“{”的前面)
     1>z:\final\final\final\x86.h(115): error C2054: 在“inline”之后应输入“(”
     1>z:\final\final\final\x86.h(116): error C2085: “sti”: 不在形参表中
     1>z:\final\final\final\x86.h(116): error C2143: 语法错误 : 缺少“;”(在“{”的前面)
     1>z:\final\final\final\x86.h(121): error C2054: 在“inline”之后应输入“(”
     1>z:\final\final\final\x86.h(122): error C2085: “xchg”: 不在形参表中
     1>z:\final\final\final\x86.h(122): error C2143: 语法错误 : 缺少“;”(在“{”的前面)
     1>z:\final\final\final\x86.h(134): error C2054: 在“inline”之后应输入“(”
     1>z:\final\final\final\x86.h(135): error C2085: “rcr2”: 不在形参表中
     1>z:\final\final\final\x86.h(135): error C2143: 语法错误 : 缺少“;”(在“{”的前面)
     1>z:\final\final\final\x86.h(142): error C2054: 在“inline”之后应输入“(”
     1>z:\final\final\final\x86.h(143): error C2085: “lcr3”: 不在形参表中
     1>z:\final\final\final\x86.h(143): error C2143: 语法错误 : 缺少“;”(在“{”的前面)
     1>z:\final\final\final\timer.c(28): warning C4013: “outb”未定义；假设外部返回 int
         test.c
     1>z:\final\final\final\user.h(6): error C2061: 语法错误: 标识符“__attribute__”
     1>z:\final\final\final\user.h(6): error C2059: 语法错误:“;”
     1>z:\final\final\final\test.c(15): warning C4113: “void (__cdecl *)()”和“void (__cdecl *)(void)”的参数列表不同
     1>z:\final\final\final\test.c(20): warning C4013: “exit”未定义；假设外部返回 int
         sysproc.c
     1>z:\final\final\final\x86.h(4): error C2054: 在“inline”之后应输入“(”
     1>z:\final\final\final\x86.h(5): error C2085: “inb”: 不在形参表中
     1>z:\final\final\final\x86.h(5): error C2143: 语法错误 : 缺少“;”(在“{”的前面)
     1>z:\final\final\final\x86.h(13): error C2054: 在“inline”之后应输入“(”
     1>z:\final\final\final\x86.h(14): error C2085: “insl”: 不在形参表中
     1>z:\final\final\final\x86.h(14): error C2143: 语法错误 : 缺少“;”(在“{”的前面)
     1>z:\final\final\final\x86.h(22): error C2054: 在“inline”之后应输入“(”
     1>z:\final\final\final\x86.h(23): error C2085: “outb”: 不在形参表中
     1>z:\final\final\final\x86.h(23): error C2143: 语法错误 : 缺少“;”(在“{”的前面)
     1>z:\final\final\final\x86.h(28): error C2054: 在“inline”之后应输入“(”
     1>z:\final\final\final\x86.h(29): error C2085: “outw”: 不在形参表中
     1>z:\final\final\final\x86.h(29): error C2143: 语法错误 : 缺少“;”(在“{”的前面)
     1>z:\final\final\final\x86.h(34): error C2054: 在“inline”之后应输入“(”
     1>z:\final\final\final\x86.h(35): error C2085: “outsl”: 不在形参表中
     1>z:\final\final\final\x86.h(35): error C2143: 语法错误 : 缺少“;”(在“{”的前面)
     1>z:\final\final\final\x86.h(43): error C2054: 在“inline”之后应输入“(”
     1>z:\final\final\final\x86.h(44): error C2085: “stosb”: 不在形参表中
     1>z:\final\final\final\x86.h(44): error C2143: 语法错误 : 缺少“;”(在“{”的前面)
     1>z:\final\final\final\x86.h(52): error C2054: 在“inline”之后应输入“(”
     1>z:\final\final\final\x86.h(53): error C2085: “stosl”: 不在形参表中
     1>z:\final\final\final\x86.h(53): error C2143: 语法错误 : 缺少“;”(在“{”的前面)
     1>z:\final\final\final\x86.h(63): error C2054: 在“inline”之后应输入“(”
     1>z:\final\final\final\x86.h(64): error C2085: “lgdt”: 不在形参表中
     1>z:\final\final\final\x86.h(64): error C2143: 语法错误 : 缺少“;”(在“{”的前面)
     1>z:\final\final\final\x86.h(77): error C2054: 在“inline”之后应输入“(”
     1>z:\final\final\final\x86.h(78): error C2085: “lidt”: 不在形参表中
     1>z:\final\final\final\x86.h(78): error C2143: 语法错误 : 缺少“;”(在“{”的前面)
     1>z:\final\final\final\x86.h(89): error C2054: 在“inline”之后应输入“(”
     1>z:\final\final\final\x86.h(90): error C2085: “ltr”: 不在形参表中
     1>z:\final\final\final\x86.h(90): error C2143: 语法错误 : 缺少“;”(在“{”的前面)
     1>z:\final\final\final\x86.h(95): error C2054: 在“inline”之后应输入“(”
     1>z:\final\final\final\x86.h(96): error C2085: “readeflags”: 不在形参表中
     1>z:\final\final\final\x86.h(96): error C2143: 语法错误 : 缺少“;”(在“{”的前面)
     1>z:\final\final\final\x86.h(103): error C2054: 在“inline”之后应输入“(”
     1>z:\final\final\final\x86.h(104): error C2085: “loadgs”: 不在形参表中
     1>z:\final\final\final\x86.h(104): error C2143: 语法错误 : 缺少“;”(在“{”的前面)
     1>z:\final\final\final\x86.h(109): error C2054: 在“inline”之后应输入“(”
     1>z:\final\final\final\x86.h(110): error C2085: “cli”: 不在形参表中
     1>z:\final\final\final\x86.h(110): error C2143: 语法错误 : 缺少“;”(在“{”的前面)
     1>z:\final\final\final\x86.h(115): error C2054: 在“inline”之后应输入“(”
     1>z:\final\final\final\x86.h(116): error C2085: “sti”: 不在形参表中
     1>z:\final\final\final\x86.h(116): error C2143: 语法错误 : 缺少“;”(在“{”的前面)
     1>z:\final\final\final\x86.h(121): error C2054: 在“inline”之后应输入“(”
     1>z:\final\final\final\x86.h(122): error C2085: “xchg”: 不在形参表中
     1>z:\final\final\final\x86.h(122): error C2143: 语法错误 : 缺少“;”(在“{”的前面)
     1>z:\final\final\final\x86.h(134): error C2054: 在“inline”之后应输入“(”
     1>z:\final\final\final\x86.h(135): error C2085: “rcr2”: 不在形参表中
     1>z:\final\final\final\x86.h(135): error C2143: 语法错误 : 缺少“;”(在“{”的前面)
     1>z:\final\final\final\x86.h(142): error C2054: 在“inline”之后应输入“(”
     1>z:\final\final\final\x86.h(143): error C2085: “lcr3”: 不在形参表中
     1>z:\final\final\final\x86.h(143): error C2143: 语法错误 : 缺少“;”(在“{”的前面)
     1>z:\final\final\final\defs.h(22): error C2061: 语法错误: 标识符“__attribute__”
     1>z:\final\final\final\defs.h(22): error C2059: 语法错误:“;”
     1>z:\final\final\final\defs.h(22): error C2182: “noreturn”: 非法使用“void”类型
     1>z:\final\final\final\defs.h(114): error C2061: 语法错误: 标识符“__attribute__”
     1>z:\final\final\final\defs.h(114): error C2059: 语法错误:“;”
     1>z:\final\final\final\defs.h(114): error C2182: “noreturn”: 非法使用“void”类型
     1>z:\final\final\final\memlayout.h(13): error C2054: 在“inline”之后应输入“(”
     1>z:\final\final\final\memlayout.h(13): error C2085: “v2p”: 不在形参表中
     1>z:\final\final\final\memlayout.h(13): error C2143: 语法错误 : 缺少“;”(在“{”的前面)
     1>z:\final\final\final\memlayout.h(14): error C2054: 在“inline”之后应输入“(”
     1>z:\final\final\final\memlayout.h(14): error C2085: “p2v”: 不在形参表中
     1>z:\final\final\final\memlayout.h(14): error C2143: 语法错误 : 缺少“;”(在“{”的前面)
     1>z:\final\final\final\proc.h(30): error C2061: 语法错误: 标识符“asm”
     1>z:\final\final\final\proc.h(30): error C2059: 语法错误:“;”
     1>z:\final\final\final\proc.h(30): error C2059: 语法错误:“字符串”
     1>z:\final\final\final\proc.h(31): error C2061: 语法错误: 标识符“asm”
     1>z:\final\final\final\proc.h(31): error C2059: 语法错误:“;”
     1>z:\final\final\final\proc.h(31): error C2059: 语法错误:“字符串”
     1>z:\final\final\final\sysproc.c(42): error C2065: “proc”: 未声明的标识符
     1>z:\final\final\final\sysproc.c(42): error C2223: “->pid”的左侧必须指向结构/联合
     1>z:\final\final\final\sysproc.c(42): warning C4033: “sys_getpid”必须返回值
     1>z:\final\final\final\sysproc.c(53): error C2065: “proc”: 未声明的标识符
     1>z:\final\final\final\sysproc.c(53): error C2223: “->sz”的左侧必须指向结构/联合
     1>z:\final\final\final\sysproc.c(69): warning C4018: “<”: 有符号/无符号不匹配
     1>z:\final\final\final\sysproc.c(70): error C2065: “proc”: 未声明的标识符
     1>z:\final\final\final\sysproc.c(70): error C2223: “->killed”的左侧必须指向结构/联合
     1>z:\final\final\final\sysproc.c(95): warning C4013: “outw”未定义；假设外部返回 int
         sysfile.c
     1>z:\final\final\final\defs.h(22): error C2061: 语法错误: 标识符“__attribute__”
     1>z:\final\final\final\defs.h(22): error C2059: 语法错误:“;”
     1>z:\final\final\final\defs.h(22): error C2182: “noreturn”: 非法使用“void”类型
     1>z:\final\final\final\defs.h(114): error C2061: 语法错误: 标识符“__attribute__”
     1>z:\final\final\final\defs.h(114): error C2059: 语法错误:“;”
     1>z:\final\final\final\defs.h(114): error C2182: “noreturn”: 非法使用“void”类型
     1>z:\final\final\final\proc.h(30): error C2061: 语法错误: 标识符“asm”
     1>z:\final\final\final\proc.h(30): error C2059: 语法错误:“;”
     1>z:\final\final\final\proc.h(30): error C2059: 语法错误:“字符串”
     1>z:\final\final\final\proc.h(31): error C2061: 语法错误: 标识符“asm”
     1>z:\final\final\final\proc.h(31): error C2059: 语法错误:“;”
     1>z:\final\final\final\proc.h(31): error C2059: 语法错误:“字符串”
     1>z:\final\final\final\sysfile.c(27): error C2065: “proc”: 未声明的标识符
     1>z:\final\final\final\sysfile.c(27): error C2223: “->ofile”的左侧必须指向结构/联合
     1>z:\final\final\final\sysfile.c(44): error C2065: “proc”: 未声明的标识符
     1>z:\final\final\final\sysfile.c(44): error C2223: “->ofile”的左侧必须指向结构/联合
     1>z:\final\final\final\sysfile.c(45): error C2065: “proc”: 未声明的标识符
     1>z:\final\final\final\sysfile.c(45): error C2223: “->ofile”的左侧必须指向结构/联合
     1>z:\final\final\final\sysfile.c(98): error C2065: “proc”: 未声明的标识符
     1>z:\final\final\final\sysfile.c(98): error C2223: “->ofile”的左侧必须指向结构/联合
     1>z:\final\final\final\sysfile.c(171): warning C4018: “<”: 有符号/无符号不匹配
     1>z:\final\final\final\sysfile.c(173): warning C4013: “panic”未定义；假设外部返回 int
     1>z:\final\final\final\sysfile.c(388): error C2065: “proc”: 未声明的标识符
     1>z:\final\final\final\sysfile.c(388): error C2223: “->cwd”的左侧必须指向结构/联合
     1>z:\final\final\final\sysfile.c(388): error C2198: “iput”: 用于调用的参数太少
     1>z:\final\final\final\sysfile.c(390): error C2065: “proc”: 未声明的标识符
     1>z:\final\final\final\sysfile.c(390): error C2223: “->cwd”的左侧必须指向结构/联合
     1>z:\final\final\final\sysfile.c(434): error C2065: “proc”: 未声明的标识符
     1>z:\final\final\final\sysfile.c(434): error C2223: “->ofile”的左侧必须指向结构/联合
         syscall.c
     1>z:\final\final\final\defs.h(22): error C2061: 语法错误: 标识符“__attribute__”
     1>z:\final\final\final\defs.h(22): error C2059: 语法错误:“;”
     1>z:\final\final\final\defs.h(22): error C2182: “noreturn”: 非法使用“void”类型
     1>z:\final\final\final\defs.h(114): error C2061: 语法错误: 标识符“__attribute__”
     1>z:\final\final\final\defs.h(114): error C2059: 语法错误:“;”
     1>z:\final\final\final\defs.h(114): error C2182: “noreturn”: 非法使用“void”类型
     1>z:\final\final\final\memlayout.h(13): error C2054: 在“inline”之后应输入“(”
     1>z:\final\final\final\memlayout.h(13): error C2085: “v2p”: 不在形参表中
     1>z:\final\final\final\memlayout.h(13): error C2143: 语法错误 : 缺少“;”(在“{”的前面)
     1>z:\final\final\final\memlayout.h(14): error C2054: 在“inline”之后应输入“(”
     1>z:\final\final\final\memlayout.h(14): error C2085: “p2v”: 不在形参表中
     1>z:\final\final\final\memlayout.h(14): error C2143: 语法错误 : 缺少“;”(在“{”的前面)
     1>z:\final\final\final\proc.h(30): error C2061: 语法错误: 标识符“asm”
     1>z:\final\final\final\proc.h(30): error C2059: 语法错误:“;”
     1>z:\final\final\final\proc.h(30): error C2059: 语法错误:“字符串”
     1>z:\final\final\final\proc.h(31): error C2061: 语法错误: 标识符“asm”
     1>z:\final\final\final\proc.h(31): error C2059: 语法错误:“;”
     1>z:\final\final\final\proc.h(31): error C2059: 语法错误:“字符串”
     1>z:\final\final\final\x86.h(4): error C2054: 在“inline”之后应输入“(”
     1>z:\final\final\final\x86.h(5): error C2085: “inb”: 不在形参表中
     1>z:\final\final\final\x86.h(5): error C2143: 语法错误 : 缺少“;”(在“{”的前面)
     1>z:\final\final\final\x86.h(13): error C2054: 在“inline”之后应输入“(”
     1>z:\final\final\final\x86.h(14): error C2085: “insl”: 不在形参表中
     1>z:\final\final\final\x86.h(14): error C2143: 语法错误 : 缺少“;”(在“{”的前面)
     1>z:\final\final\final\x86.h(22): error C2054: 在“inline”之后应输入“(”
     1>z:\final\final\final\x86.h(23): error C2085: “outb”: 不在形参表中
     1>z:\final\final\final\x86.h(23): error C2143: 语法错误 : 缺少“;”(在“{”的前面)
     1>z:\final\final\final\x86.h(28): error C2054: 在“inline”之后应输入“(”
     1>z:\final\final\final\x86.h(29): error C2085: “outw”: 不在形参表中
     1>z:\final\final\final\x86.h(29): error C2143: 语法错误 : 缺少“;”(在“{”的前面)
     1>z:\final\final\final\x86.h(34): error C2054: 在“inline”之后应输入“(”
     1>z:\final\final\final\x86.h(35): error C2085: “outsl”: 不在形参表中
     1>z:\final\final\final\x86.h(35): error C2143: 语法错误 : 缺少“;”(在“{”的前面)
     1>z:\final\final\final\x86.h(43): error C2054: 在“inline”之后应输入“(”
     1>z:\final\final\final\x86.h(44): error C2085: “stosb”: 不在形参表中
     1>z:\final\final\final\x86.h(44): error C2143: 语法错误 : 缺少“;”(在“{”的前面)
     1>z:\final\final\final\x86.h(52): error C2054: 在“inline”之后应输入“(”
     1>z:\final\final\final\x86.h(53): error C2085: “stosl”: 不在形参表中
     1>z:\final\final\final\x86.h(53): error C2143: 语法错误 : 缺少“;”(在“{”的前面)
     1>z:\final\final\final\x86.h(63): error C2054: 在“inline”之后应输入“(”
     1>z:\final\final\final\x86.h(64): error C2085: “lgdt”: 不在形参表中
     1>z:\final\final\final\x86.h(64): error C2143: 语法错误 : 缺少“;”(在“{”的前面)
     1>z:\final\final\final\x86.h(77): error C2054: 在“inline”之后应输入“(”
     1>z:\final\final\final\x86.h(78): error C2085: “lidt”: 不在形参表中
     1>z:\final\final\final\x86.h(78): error C2143: 语法错误 : 缺少“;”(在“{”的前面)
     1>z:\final\final\final\x86.h(89): error C2054: 在“inline”之后应输入“(”
     1>z:\final\final\final\x86.h(90): error C2085: “ltr”: 不在形参表中
     1>z:\final\final\final\x86.h(90): error C2143: 语法错误 : 缺少“;”(在“{”的前面)
     1>z:\final\final\final\x86.h(95): error C2054: 在“inline”之后应输入“(”
     1>z:\final\final\final\x86.h(96): error C2085: “readeflags”: 不在形参表中
     1>z:\final\final\final\x86.h(96): error C2143: 语法错误 : 缺少“;”(在“{”的前面)
     1>z:\final\final\final\x86.h(103): error C2054: 在“inline”之后应输入“(”
     1>z:\final\final\final\x86.h(104): error C2085: “loadgs”: 不在形参表中
     1>z:\final\final\final\x86.h(104): error C2143: 语法错误 : 缺少“;”(在“{”的前面)
     1>z:\final\final\final\x86.h(109): error C2054: 在“inline”之后应输入“(”
     1>z:\final\final\final\x86.h(110): error C2085: “cli”: 不在形参表中
     1>z:\final\final\final\x86.h(110): error C2143: 语法错误 : 缺少“;”(在“{”的前面)
     1>z:\final\final\final\x86.h(115): error C2054: 在“inline”之后应输入“(”
     1>z:\final\final\final\x86.h(116): error C2085: “sti”: 不在形参表中
     1>z:\final\final\final\x86.h(116): error C2143: 语法错误 : 缺少“;”(在“{”的前面)
     1>z:\final\final\final\x86.h(121): error C2054: 在“inline”之后应输入“(”
     1>z:\final\final\final\x86.h(122): error C2085: “xchg”: 不在形参表中
     1>z:\final\final\final\x86.h(122): error C2143: 语法错误 : 缺少“;”(在“{”的前面)
     1>z:\final\final\final\x86.h(134): error C2054: 在“inline”之后应输入“(”
     1>z:\final\final\final\x86.h(135): error C2085: “rcr2”: 不在形参表中
     1>z:\final\final\final\x86.h(135): error C2143: 语法错误 : 缺少“;”(在“{”的前面)
     1>z:\final\final\final\x86.h(142): error C2054: 在“inline”之后应输入“(”
     1>z:\final\final\final\x86.h(143): error C2085: “lcr3”: 不在形参表中
     1>z:\final\final\final\x86.h(143): error C2143: 语法错误 : 缺少“;”(在“{”的前面)
     1>z:\final\final\final\syscall.c(20): error C2065: “proc”: 未声明的标识符
     1>z:\final\final\final\syscall.c(20): error C2223: “->sz”的左侧必须指向结构/联合
     1>z:\final\final\final\syscall.c(34): error C2065: “proc”: 未声明的标识符
     1>z:\final\final\final\syscall.c(34): error C2223: “->sz”的左侧必须指向结构/联合
     1>z:\final\final\final\syscall.c(37): error C2065: “proc”: 未声明的标识符
     1>z:\final\final\final\syscall.c(37): error C2223: “->sz”的左侧必须指向结构/联合
     1>z:\final\final\final\syscall.c(48): error C2065: “proc”: 未声明的标识符
     1>z:\final\final\final\syscall.c(48): error C2223: “->tf”的左侧必须指向结构/联合
     1>z:\final\final\final\syscall.c(48): warning C4047: “函数”:“uint”与“int *”的间接级别不同
     1>z:\final\final\final\syscall.c(48): warning C4024: “fetchint”: 形参和实参 1 的类型不同
     1>z:\final\final\final\syscall.c(48): error C2198: “fetchint”: 用于调用的参数太少
     1>z:\final\final\final\syscall.c(61): error C2065: “proc”: 未声明的标识符
     1>z:\final\final\final\syscall.c(61): error C2223: “->sz”的左侧必须指向结构/联合
     1>z:\final\final\final\syscall.c(106): error C2059: 语法错误:“[”
     1>z:\final\final\final\syscall.c(136): error C2065: “proc”: 未声明的标识符
     1>z:\final\final\final\syscall.c(136): error C2223: “->tf”的左侧必须指向结构/联合
     1>z:\final\final\final\syscall.c(137): warning C4034: sizeof 返回 0
     1>z:\final\final\final\syscall.c(138): error C2065: “proc”: 未声明的标识符
     1>z:\final\final\final\syscall.c(138): error C2223: “->tf”的左侧必须指向结构/联合
     1>z:\final\final\final\syscall.c(141): error C2065: “proc”: 未声明的标识符
     1>z:\final\final\final\syscall.c(141): error C2223: “->pid”的左侧必须指向结构/联合
     1>z:\final\final\final\syscall.c(141): error C2223: “->name”的左侧必须指向结构/联合
     1>z:\final\final\final\syscall.c(142): error C2065: “proc”: 未声明的标识符
     1>z:\final\final\final\syscall.c(142): error C2223: “->tf”的左侧必须指向结构/联合
     1>已完成生成项目“Z:\final\final\final\final.vcxproj”(Build 个目标)的操作 - 失败。

生成失败。

已用时间 00:00:06.33
